<?xml version="1.0" encoding="UTF-8"?>
<testng-results ignored="0" total="1" passed="1" failed="0" skipped="0">
  <reporter-output>
  </reporter-output>
  <suite started-at="2021-01-06T21:09:59 IST" name="Default suite" finished-at="2021-01-06T21:09:59 IST" duration-ms="102">
    <groups>
    </groups>
    <test started-at="2021-01-06T21:09:59 IST" name="Default test" finished-at="2021-01-06T21:09:59 IST" duration-ms="102">
      <class name="NewTest">
        <test-method signature="streamFilter()[pri:0, instance:NewTest@d83da2e]" started-at="2021-01-06T21:09:59 IST" name="streamFilter" finished-at="2021-01-06T21:09:59 IST" duration-ms="31" status="PASS">
          <reporter-output>
          </reporter-output>
        </test-method> <!-- streamFilter -->
        <test-method is-config="true" signature="afterTest()[pri:0, instance:NewTest@d83da2e]" started-at="2021-01-06T21:09:59 IST" name="afterTest" finished-at="2021-01-06T21:09:59 IST" duration-ms="1" status="PASS">
          <reporter-output>
          </reporter-output>
        </test-method> <!-- afterTest -->
      </class> <!-- NewTest -->
    </test> <!-- Default test -->
  </suite> <!-- Default suite -->
</testng-results>
